

<!DOCTYPE html>
<html>
<head>
<meta charset="UTF-8">
<meta name="viewport" content="width=device-width, initial-scale=1, shrink-to-fit=no">
<title></title>
<link rel="apple-touch-icon" href="https://cdn.jsdelivr.net/gh/extent-framework/extent-github-cdn@b00a2d0486596e73dd7326beacf352c639623a0e/commons/img/logo.png">
<link rel="shortcut icon" href="https://cdn.jsdelivr.net/gh/extent-framework/extent-github-cdn@b00a2d0486596e73dd7326beacf352c639623a0e/commons/img/logo.png">
<link href="https://cdn.jsdelivr.net/gh/extent-framework/extent-github-cdn@d6562a79075e061305ccfdb82f01e5e195e2d307/spark/css/spark-style.css" rel="stylesheet" />
<link href="https://stackpath.bootstrapcdn.com/font-awesome/4.7.0/css/font-awesome.min.css" rel="stylesheet">
<script src="https://cdn.jsdelivr.net/gh/extent-framework/extent-github-cdn@7cc78ce/spark/js/jsontree.js"></script>
<style type="text/css"></style></head><body class="spa bdd-report standard">
  <div class="app">
    <div class="layout">
<div class="header navbar">
<div class="vheader">
<div class="nav-logo">
<a href="#">
<div class="logo" style="background-image: url('https://cdn.jsdelivr.net/gh/extent-framework/extent-github-cdn@b00a2d0486596e73dd7326beacf352c639623a0e/commons/img/logo.png')"></div>
</a>
</div>
<ul class="nav-left">
<li class="search-box">
<a class="search-toggle" href="#">
<i class="search-icon fa fa-search"></i>
<i class="search-icon-close fa fa-close"></i>
</a>
</li>
<li class="search-input"><input id="search-tests" class="form-control" type="text" placeholder="Search..."></li>
</ul>
<ul class="nav-right">
<li class="m-r-10">
<a href="#"><span class="badge badge-primary"></span></a>
</li>
<li class="m-r-10">
<a href="#"><span class="badge badge-primary">Feb 3, 2023 12:08:31 pm</span></a>
</li>
</ul>
</div>
</div><div class="side-nav">
<div class="side-nav-inner">
<ul class="side-nav-menu">
<li class="nav-item dropdown" onclick="toggleView('test-view')">
<a id="nav-test" class="dropdown-toggle" href="#">
<span class="ico"><i class="fa fa-list"></i></span>
</a>
</li>
<li class="nav-item dropdown" onclick="toggleView('exception-view')">
<a id="nav-exception" class="dropdown-toggle" href="#">
<span class="ico"><i class="fa fa-bug"></i></span>
</a>
</li>
<li class="nav-item dropdown" onclick="toggleView('dashboard-view')">
<a id="nav-dashboard" class="dropdown-toggle" href="#">
<span class="ico"><i class="fa fa-bar-chart"></i></span>
</a>
</li>
</ul>
</div>
</div>      <div class="vcontainer">
        <div class="main-content">
<div class="test-wrapper row view test-view">
  <div class="test-list">
    <div class="test-list-tools">
<ul class="tools pull-left">
<li><a href="#"><span class="font-size-14">Tests</span></a></li>
</ul>
<ul class="tools text-right">
<li class="dropdown">
<a href="#" class="dropdown-toggle" data-toggle="dropdown"><i class="fa fa-exclamation-circle"></i></a>
<ul id="status-toggle" class="dropdown-menu dropdown-md p-v-0">
<a class="dropdown-item" status="fail" href="#"><span>Fail</span><span class="status danger"></span></a>
<div class="dropdown-divider"></div>
<a status="clear" class="dropdown-item" href="#"><span>Clear</span><span class="pull-right"><i class="fa fa-close"></i></span></a>
</ul>
</li>
</ul>
</div>    <div class="test-list-wrapper scrollable">
      <ul class="test-list-item">
        <li class="test-item"  status="fail" test-id="1"
          author=""
          tag=""
          device="">
          <div class="test-detail">
            <p class="name">Verify Product Page of Application</p>
            <p class="text-sm">
              <span>12:08:32 pm</span> / <span>00:04:30:811</span>
              <span class="badge fail-bg log float-right">Fail</span>
            </p>
          </div>
          <div class="test-contents d-none">
<div class="detail-head">
<div class="p-v-10">
<div class="info">
<h5 class="test-status text-fail">Verify Product Page of Application</h5>
<span class='badge badge-success'>02.03.2023 12:08:32 pm</span>
<span class='badge badge-danger'>02.03.2023 12:13:03 pm</span>
<span class='badge badge-default'>00:04:30:811</span>
&middot; <span class='uri-anchor badge badge-default'>#test-id=1</span>
<span class='badge badge-default pointer float-right ml-1 et'><i class="fa fa-chevron-down"></i></span>
<span class='badge badge-default pointer float-right ct'><i class="fa fa-chevron-up"></i></span>
</div>
<div class="m-t-10 m-l-5"></div>
</div>
</div>
<div class="accordion mt-4">
  <div class="card">
    <div class="card-header" role="tab">
      <div class="card-title">
        <div class="node" id="2"><span class="badge log pass-bg mr-2">Pass</span>Verify Product Opened is Correct</div>
      </div>
    </div>
        <div class="collapse">
          <div class="card-body">
              <div class="step pass-bg" title="stepDefinition.HomePageDefinition.user_is_on_amazon_landing_page()">
                <span>Given User is on Amazon Landing Page</span>
      <div>
      </div>
              </div>
              <div class="step pass-bg" title="stepDefinition.SearchDefinition.user_search_for_product()">
                <span>When User Search for Product</span>
      <div>
      </div>
              </div>
              <div class="step pass-bg" title="stepDefinition.SearchresultsPageDefinition.user_selects_product_from_search_results()">
                <span>And User Selects Product From Search Results</span>
      <div>
      </div>
              </div>
              <div class="step pass-bg" title="stepDefinition.SearchresultsPageDefinition.verify_correct_product_opened()">
                <span>Then Verify Correct Product Opened</span>
      <div>
      </div>
              </div>
              <div class="step pass-bg" title="stepDefinition.HomePageDefinition.user_close_browser()">
                <span>And User Close Browser</span>
      <div>
      </div>
              </div>
          </div>
        </div>
  </div>
  <div class="card">
    <div class="card-header" role="tab">
      <div class="card-title">
        <div class="node" id="3"><span class="badge log pass-bg mr-2">Pass</span>Verify Product Images Displayed Correctly</div>
      </div>
    </div>
        <div class="collapse">
          <div class="card-body">
              <div class="step pass-bg" title="stepDefinition.HomePageDefinition.user_is_on_amazon_landing_page()">
                <span>Given User is on Amazon Landing Page</span>
      <div>
      </div>
              </div>
              <div class="step pass-bg" title="stepDefinition.SearchDefinition.user_search_for_product()">
                <span>When User Search for Product</span>
      <div>
      </div>
              </div>
              <div class="step pass-bg" title="stepDefinition.SearchresultsPageDefinition.user_selects_product_from_search_results()">
                <span>And User Selects Product From Search Results</span>
      <div>
      </div>
              </div>
              <div class="step pass-bg" title="stepDefinition.ProductPageDefinition.verify_product_images_displayed_correctly()">
                <span>Then Verify Product Images Displayed Correctly</span>
      <div>
      </div>
              </div>
              <div class="step pass-bg" title="stepDefinition.HomePageDefinition.user_close_browser()">
                <span>And User Close Browser</span>
      <div>
      </div>
              </div>
          </div>
        </div>
  </div>
  <div class="card">
    <div class="card-header" role="tab">
      <div class="card-title">
        <div class="node" id="4"><span class="badge log fail-bg mr-2">Fail</span>Verify Product Present in Wishlist after Adding</div>
      </div>
    </div>
        <div class="">
          <div class="card-body">
              <div class="step pass-bg" title="stepDefinition.HomePageDefinition.user_is_on_amazon_landing_page()">
                <span>Given User is on Amazon Landing Page</span>
      <div>
      </div>
              </div>
              <div class="step pass-bg" title="stepDefinition.SigninPageDefinition.user_navigate_to_sign_in_page()">
                <span>And User Navigate to Sign In page</span>
      <div>
      </div>
              </div>
              <div class="step pass-bg" title="stepDefinition.SigninPageDefinition.user_sign_in_with_valid_credentials()">
                <span>And User Sign In With valid Credentials</span>
      <div>
      </div>
              </div>
              <div class="step pass-bg" title="stepDefinition.SearchDefinition.user_search_for_product()">
                <span>When User Search for Product</span>
      <div>
      </div>
              </div>
              <div class="step pass-bg" title="stepDefinition.SearchresultsPageDefinition.user_selects_product_from_search_results()">
                <span>And User Selects Product From Search Results</span>
      <div>
      </div>
              </div>
              <div class="step pass-bg" title="stepDefinition.ProductPageDefinition.user_adds_product_to_wishlist()">
                <span>When User Adds product to wishlist</span>
      <div>
      </div>
              </div>
              <div class="step fail-bg" title="stepDefinition.ProductPageDefinition.verify_wishlist_page_appears()">
                <span>Then Verify Wishlist page appears</span>
      <div>
        <textarea disabled class="code-block">org.openqa.selenium.TimeoutException: Expected condition failed: waiting for visibility of element located by By.id: create-list-form (tried for 60 second(s) with 500 milliseconds interval)
Build info: version: '4.6.0', revision: '79f1c02ae20'
System info: os.name: 'Windows 10', os.arch: 'amd64', os.version: '10.0', java.version: '18.0.1.1'
Driver info: org.openqa.selenium.chrome.ChromeDriver
Capabilities {acceptInsecureCerts: false, browserName: chrome, browserVersion: 109.0.5414.120, chrome: {chromedriverVersion: 109.0.5414.74 (e7c5703604da..., userDataDir: C:\Users\osatam\AppData\Loc...}, goog:chromeOptions: {debuggerAddress: localhost:54892}, networkConnectionEnabled: false, pageLoadStrategy: normal, platformName: WINDOWS, proxy: Proxy(), se:cdp: ws://localhost:54892/devtoo..., se:cdpVersion: 109.0.5414.120, setWindowRect: true, strictFileInteractability: false, timeouts: {implicit: 0, pageLoad: 300000, script: 30000}, unhandledPromptBehavior: dismiss and notify, webauthn:extension:credBlob: true, webauthn:extension:largeBlob: true, webauthn:virtualAuthenticators: true}
Session ID: 06cd360ad7cc3e650c9accd420fd6c49
	at org.openqa.selenium.support.ui.WebDriverWait.timeoutException(WebDriverWait.java:87)
	at org.openqa.selenium.support.ui.FluentWait.until(FluentWait.java:231)
	at base.PageBase.waitUntilElementVisible(PageBase.java:53)
	at Pages.ProductPage.verifyWishlistPage(ProductPage.java:113)
	at stepDefinition.ProductPageDefinition.verify_wishlist_page_appears(ProductPageDefinition.java:46)
	at ✽.Verify Wishlist page appears(file:///C:/Users/osatam/learning/Java/cucumber/Amazon/Amazon/src/test/java/features/Product.feature:54)
</textarea>
      
      </div>
              </div>
              <div class="step skip-bg" title="stepDefinition.ProductPageDefinition.add_item_to_wishlist()">
                <span>Then Add item to wishlist</span>
      <div>Step skipped
      </div>
              </div>
              <div class="step skip-bg" title="stepDefinition.ProductPageDefinition.go_to_wishlist()">
                <span>And Go to Wishlist</span>
      <div>Step skipped
      </div>
              </div>
              <div class="step skip-bg" title="stepDefinition.ProductPageDefinition.verify_product_available_in_wishlist()">
                <span>Then Verify Product Available in Wishlist</span>
      <div>Step skipped
      </div>
              </div>
              <div class="step skip-bg" title="stepDefinition.ProductPageDefinition.delete_created_wishlist()">
                <span>And Delete Created Wishlist</span>
      <div>Step skipped
      </div>
              </div>
              <div class="step skip-bg" title="stepDefinition.HomePageDefinition.user_close_browser()">
                <span>And User Close Browser</span>
      <div>Step skipped
      </div>
              </div>
          </div>
        </div>
  </div>
  <div class="card">
    <div class="card-header" role="tab">
      <div class="card-title">
        <div class="node" id="5"><span class="badge log fail-bg mr-2">Fail</span>Verify Add to cart Increases Cart Quantity</div>
      </div>
    </div>
        <div class="">
          <div class="card-body">
              <div class="step pass-bg" title="stepDefinition.HomePageDefinition.user_is_on_amazon_landing_page()">
                <span>Given User is on Amazon Landing Page</span>
      <div>
      </div>
              </div>
              <div class="step pass-bg" title="stepDefinition.SearchDefinition.user_search_for_product()">
                <span>When User Search for Product</span>
      <div>
      </div>
              </div>
              <div class="step pass-bg" title="stepDefinition.SearchresultsPageDefinition.user_selects_product_from_search_results()">
                <span>And User Selects Product From Search Results</span>
      <div>
      </div>
              </div>
              <div class="step pass-bg" title="stepDefinition.ProductPageDefinition.check_cart_quantity()">
                <span>Then Check Cart Quantity</span>
      <div>
      </div>
              </div>
              <div class="step fail-bg" title="stepDefinition.ProductPageDefinition.user_add_product_to_cart()">
                <span>When User Add Product To Cart</span>
      <div>
        <textarea disabled class="code-block">org.openqa.selenium.NoSuchElementException: no such element: Unable to locate element: {"method":"css selector","selector":"#NATC_SMART_WAGON_CONF_MSG_SUCCESS"}
  (Session info: chrome=109.0.5414.120)
For documentation on this error, please visit: https://selenium.dev/exceptions/#no_such_element
Build info: version: '4.6.0', revision: '79f1c02ae20'
System info: os.name: 'Windows 10', os.arch: 'amd64', os.version: '10.0', java.version: '18.0.1.1'
Driver info: org.openqa.selenium.chrome.ChromeDriver
Command: [bcfcea8fd9ea6591923690d2e84ad938, findElement {using=id, value=NATC_SMART_WAGON_CONF_MSG_SUCCESS}]
Capabilities {acceptInsecureCerts: false, browserName: chrome, browserVersion: 109.0.5414.120, chrome: {chromedriverVersion: 109.0.5414.74 (e7c5703604da..., userDataDir: C:\Users\osatam\AppData\Loc...}, goog:chromeOptions: {debuggerAddress: localhost:54889}, networkConnectionEnabled: false, pageLoadStrategy: normal, platformName: WINDOWS, proxy: Proxy(), se:cdp: ws://localhost:54889/devtoo..., se:cdpVersion: 109.0.5414.120, setWindowRect: true, strictFileInteractability: false, timeouts: {implicit: 0, pageLoad: 300000, script: 30000}, unhandledPromptBehavior: dismiss and notify, webauthn:extension:credBlob: true, webauthn:extension:largeBlob: true, webauthn:virtualAuthenticators: true}
Session ID: bcfcea8fd9ea6591923690d2e84ad938
	at java.base/jdk.internal.reflect.DirectConstructorHandleAccessor.newInstance(DirectConstructorHandleAccessor.java:67)
	at java.base/java.lang.reflect.Constructor.newInstanceWithCaller(Constructor.java:499)
	at java.base/java.lang.reflect.Constructor.newInstance(Constructor.java:483)
	at org.openqa.selenium.remote.codec.w3c.W3CHttpResponseCodec.createException(W3CHttpResponseCodec.java:200)
	at org.openqa.selenium.remote.codec.w3c.W3CHttpResponseCodec.decode(W3CHttpResponseCodec.java:133)
	at org.openqa.selenium.remote.codec.w3c.W3CHttpResponseCodec.decode(W3CHttpResponseCodec.java:53)
	at org.openqa.selenium.remote.HttpCommandExecutor.execute(HttpCommandExecutor.java:184)
	at org.openqa.selenium.remote.service.DriverCommandExecutor.invokeExecute(DriverCommandExecutor.java:167)
	at org.openqa.selenium.remote.service.DriverCommandExecutor.execute(DriverCommandExecutor.java:142)
	at org.openqa.selenium.remote.RemoteWebDriver.execute(RemoteWebDriver.java:541)
	at org.openqa.selenium.remote.ElementLocation$ElementFinder$2.findElement(ElementLocation.java:162)
	at org.openqa.selenium.remote.ElementLocation.findElement(ElementLocation.java:60)
	at org.openqa.selenium.remote.RemoteWebDriver.findElement(RemoteWebDriver.java:365)
	at org.openqa.selenium.remote.RemoteWebDriver.findElement(RemoteWebDriver.java:357)
	at base.PageBase.isTextVisible(PageBase.java:119)
	at Pages.ProductPage.addToCart(ProductPage.java:98)
	at stepDefinition.ProductPageDefinition.user_add_product_to_cart(ProductPageDefinition.java:27)
	at ✽.User Add Product To Cart(file:///C:/Users/osatam/learning/Java/cucumber/Amazon/Amazon/src/test/java/features/Product.feature:43)
</textarea>
      
      </div>
              </div>
              <div class="step skip-bg" title="stepDefinition.ProductPageDefinition.verify_cart_quantity_increased()">
                <span>Then Check Cart Quantity and Verify Cart Quantity Increased</span>
      <div>Step skipped
      </div>
              </div>
              <div class="step skip-bg" title="stepDefinition.HomePageDefinition.user_close_browser()">
                <span>And User Close Browser</span>
      <div>Step skipped
      </div>
              </div>
          </div>
        </div>
  </div>
  <div class="card">
    <div class="card-header" role="tab">
      <div class="card-title">
        <div class="node" id="6"><span class="badge log fail-bg mr-2">Fail</span>Verify All Items in Product Page</div>
      </div>
    </div>
        <div class="">
          <div class="card-body">
              <div class="step pass-bg" title="stepDefinition.HomePageDefinition.user_is_on_amazon_landing_page()">
                <span>Given User is on Amazon Landing Page</span>
      <div>
      </div>
              </div>
              <div class="step pass-bg" title="stepDefinition.SearchDefinition.user_search_for_product()">
                <span>When User Search for Product</span>
      <div>
      </div>
              </div>
              <div class="step pass-bg" title="stepDefinition.SearchresultsPageDefinition.user_selects_product_from_search_results()">
                <span>And User Selects Product From Search Results</span>
      <div>
      </div>
              </div>
              <div class="step fail-bg" title="stepDefinition.ProductPageDefinition.verify_all_product_page_items()">
                <span>Then Verify All Product Page Items</span>
      <div>
        <textarea disabled class="code-block">org.openqa.selenium.NoSuchElementException: no such element: Unable to locate element: {"method":"css selector","selector":"#ask\-btf_feature_div"}
  (Session info: chrome=109.0.5414.120)
For documentation on this error, please visit: https://selenium.dev/exceptions/#no_such_element
Build info: version: '4.6.0', revision: '79f1c02ae20'
System info: os.name: 'Windows 10', os.arch: 'amd64', os.version: '10.0', java.version: '18.0.1.1'
Driver info: org.openqa.selenium.chrome.ChromeDriver
Command: [815b2630ce4bb48e7b4bc793340b8ea5, findElement {using=id, value=ask-btf_feature_div}]
Capabilities {acceptInsecureCerts: false, browserName: chrome, browserVersion: 109.0.5414.120, chrome: {chromedriverVersion: 109.0.5414.74 (e7c5703604da..., userDataDir: C:\Users\osatam\AppData\Loc...}, goog:chromeOptions: {debuggerAddress: localhost:54911}, networkConnectionEnabled: false, pageLoadStrategy: normal, platformName: WINDOWS, proxy: Proxy(), se:cdp: ws://localhost:54911/devtoo..., se:cdpVersion: 109.0.5414.120, setWindowRect: true, strictFileInteractability: false, timeouts: {implicit: 0, pageLoad: 300000, script: 30000}, unhandledPromptBehavior: dismiss and notify, webauthn:extension:credBlob: true, webauthn:extension:largeBlob: true, webauthn:virtualAuthenticators: true}
Session ID: 815b2630ce4bb48e7b4bc793340b8ea5
	at java.base/jdk.internal.reflect.DirectConstructorHandleAccessor.newInstance(DirectConstructorHandleAccessor.java:67)
	at java.base/java.lang.reflect.Constructor.newInstanceWithCaller(Constructor.java:499)
	at java.base/java.lang.reflect.Constructor.newInstance(Constructor.java:483)
	at org.openqa.selenium.remote.codec.w3c.W3CHttpResponseCodec.createException(W3CHttpResponseCodec.java:200)
	at org.openqa.selenium.remote.codec.w3c.W3CHttpResponseCodec.decode(W3CHttpResponseCodec.java:133)
	at org.openqa.selenium.remote.codec.w3c.W3CHttpResponseCodec.decode(W3CHttpResponseCodec.java:53)
	at org.openqa.selenium.remote.HttpCommandExecutor.execute(HttpCommandExecutor.java:184)
	at org.openqa.selenium.remote.service.DriverCommandExecutor.invokeExecute(DriverCommandExecutor.java:167)
	at org.openqa.selenium.remote.service.DriverCommandExecutor.execute(DriverCommandExecutor.java:142)
	at org.openqa.selenium.remote.RemoteWebDriver.execute(RemoteWebDriver.java:541)
	at org.openqa.selenium.remote.ElementLocation$ElementFinder$2.findElement(ElementLocation.java:162)
	at org.openqa.selenium.remote.ElementLocation.findElement(ElementLocation.java:60)
	at org.openqa.selenium.remote.RemoteWebDriver.findElement(RemoteWebDriver.java:365)
	at org.openqa.selenium.remote.RemoteWebDriver.findElement(RemoteWebDriver.java:357)
	at base.PageBase.isElementVisible(PageBase.java:115)
	at Pages.ProductPage.verifyProductPage(ProductPage.java:85)
	at stepDefinition.ProductPageDefinition.verify_all_product_page_items(ProductPageDefinition.java:21)
	at ✽.Verify All Product Page Items(file:///C:/Users/osatam/learning/Java/cucumber/Amazon/Amazon/src/test/java/features/Product.feature:35)
</textarea>
      
      </div>
              </div>
              <div class="step skip-bg" title="stepDefinition.HomePageDefinition.user_close_browser()">
                <span>And User Close Browser</span>
      <div>Step skipped
      </div>
              </div>
          </div>
        </div>
  </div>
  <div class="card">
    <div class="card-header" role="tab">
      <div class="card-title">
        <div class="node" id="7"><span class="badge log pass-bg mr-2">Pass</span>Verify User able to Select Images</div>
      </div>
    </div>
        <div class="collapse">
          <div class="card-body">
              <div class="step pass-bg" title="stepDefinition.HomePageDefinition.user_is_on_amazon_landing_page()">
                <span>Given User is on Amazon Landing Page</span>
      <div>
      </div>
              </div>
              <div class="step pass-bg" title="stepDefinition.SearchDefinition.user_search_for_product()">
                <span>When User Search for Product</span>
      <div>
      </div>
              </div>
              <div class="step pass-bg" title="stepDefinition.SearchresultsPageDefinition.user_selects_product_from_search_results()">
                <span>And User Selects Product From Search Results</span>
      <div>
      </div>
              </div>
              <div class="step pass-bg" title="stepDefinition.SearchresultsPageDefinition.select_product_images_and_verify_results()">
                <span>Then Select Product Images and Verify Results</span>
      <div>
      </div>
              </div>
              <div class="step pass-bg" title="stepDefinition.HomePageDefinition.user_close_browser()">
                <span>And User Close Browser</span>
      <div>
      </div>
              </div>
          </div>
        </div>
  </div>
  <div class="card">
    <div class="card-header" role="tab">
      <div class="card-title">
        <div class="node" id="8"><span class="badge log pass-bg mr-2">Pass</span>Verify User able to Open Image</div>
      </div>
    </div>
        <div class="collapse">
          <div class="card-body">
              <div class="step pass-bg" title="stepDefinition.HomePageDefinition.user_is_on_amazon_landing_page()">
                <span>Given User is on Amazon Landing Page</span>
      <div>
      </div>
              </div>
              <div class="step pass-bg" title="stepDefinition.SearchDefinition.user_search_for_product()">
                <span>When User Search for Product</span>
      <div>
      </div>
              </div>
              <div class="step pass-bg" title="stepDefinition.SearchresultsPageDefinition.user_selects_product_from_search_results()">
                <span>And User Selects Product From Search Results</span>
      <div>
      </div>
              </div>
              <div class="step pass-bg" title="stepDefinition.SearchresultsPageDefinition.open_product_image_and_verify_it_opened()">
                <span>Then Open Product Image and Verify it Opened</span>
      <div>
      </div>
              </div>
              <div class="step pass-bg" title="stepDefinition.HomePageDefinition.user_close_browser()">
                <span>And User Close Browser</span>
      <div>
      </div>
              </div>
          </div>
        </div>
  </div>
</div>
          </div>
        </li>
      </ul>
    </div>
  </div>
<div class="test-content scrollable">
<div class="test-content-tools">
<ul><li><a class="back-to-test" href="#"><i class="fa fa-arrow-left"></i></a></li></ul>
</div>
<div class="test-content-detail"><div class="detail-body"></div></div>
</div></div>
<div class="test-wrapper row view exception-view attributes-view">
<div class="test-list">
<div class="test-list-tools">
<ul class="tools pull-left"><li><a href=""><span class="font-size-14">Exception</span></a></li></ul>
<ul class="tools text-right"><li><a href="#"><span class="badge badge-primary">2</span></a></li></ul>
</div>
<div class="test-list-wrapper scrollable">
<ul class="test-list-item">
<li class="test-item">
<div class="test-detail">
<span class="meta">
<span class='badge log badge-danger'>2</span>
</span>
<p class="name">org.openqa.selenium.NoSuchElementException</p>
<p class="duration text-sm">2 tests</p>
</div>
<div class="test-contents d-none">
<div class="info">
<h4>org.openqa.selenium.NoSuchElementException</h4>
<span status="fail" class='badge log badge-danger'>2 failed</span>
</div>
<table class='table table-sm mt-4'>
<thead>
<tr>
<th class="status-col">Status</th>
<th class="timestamp-col">Timestamp</th>
<th>TestName</th>
</tr>
</thead>
<tbody>
<tr class="tag-test-status" status="fail">
<td><span class="badge log fail-bg">Fail</span></td>
<td>12:10:55 pm</td>
<td>
<a href="#" class="linked" test-id='1' id='38'>When User Add Product To Cart</a>
<div class="">
<span class="badge badge-default">Verify Product Page of Application.Verify Add to cart Increases Cart Quantity.When User Add Product To Cart</span>
</div>
</td>
</tr>
<tr class="tag-test-status" status="fail">
<td><span class="badge log fail-bg">Fail</span></td>
<td>12:11:06 pm</td>
<td>
<a href="#" class="linked" test-id='1' id='40'>Then Verify All Product Page Items</a>
<div class="">
<span class="badge badge-default">Verify Product Page of Application.Verify All Items in Product Page.Then Verify All Product Page Items</span>
</div>
</td>
</tr>
</tbody>
</table>
</div>
</li>
<li class="test-item">
<div class="test-detail">
<span class="meta">
<span class='badge log badge-danger'>1</span>
</span>
<p class="name">org.openqa.selenium.TimeoutException</p>
<p class="duration text-sm">1 tests</p>
</div>
<div class="test-contents d-none">
<div class="info">
<h4>org.openqa.selenium.TimeoutException</h4>
<span status="fail" class='badge log badge-danger'>1 failed</span>
</div>
<table class='table table-sm mt-4'>
<thead>
<tr>
<th class="status-col">Status</th>
<th class="timestamp-col">Timestamp</th>
<th>TestName</th>
</tr>
</thead>
<tbody>
<tr class="tag-test-status" status="fail">
<td><span class="badge log fail-bg">Fail</span></td>
<td>12:12:03 pm</td>
<td>
<a href="#" class="linked" test-id='1' id='42'>Then Verify Wishlist page appears</a>
<div class="">
<span class="badge badge-default">Verify Product Page of Application.Verify Product Present in Wishlist after Adding.Then Verify Wishlist page appears</span>
</div>
</td>
</tr>
</tbody>
</table>
</div>
</li>
</ul>
</div>
</div>
<div class="test-content scrollable">
<div class="test-content-detail">
<div class="detail-body"></div>
</div>
</div>
</div><div class="container-fluid p-4 view dashboard-view">
<div class="row">
<div class="col-md-3">
<div class="card"><div class="card-body">
<p class="m-b-0">Started</p>
<h3>Feb 3, 2023 12:08:31 pm</h3>
</div></div>
</div>
<div class="col-md-3">
<div class="card"><div class="card-body">
<p class="m-b-0">Ended</p>
<h3>Feb 3, 2023 12:13:03 pm</h3>
</div></div>
</div>
<div class="col-md-3">
<div class="card"><div class="card-body">
<p class="m-b-0 text-pass">Features Passed</p>
<h3>0</h3>
</div></div>
</div>
<div class="col-md-3">
<div class="card"><div class="card-body">
<p class="m-b-0 text-fail">Features Failed</p>
<h3>1</h3>
</div></div>
</div>
</div>
<div class="row">
<div class="col-md-4">
<div class="card">
<div class="card-header">
<h6 class="card-title">Features</h6>
</div>
<div class="card-body">
<div class="">
<canvas id='parent-analysis' width='115' height='90'></canvas>
</div>
</div>
<div class="card-footer">
<div><small data-tooltip='0%'>
<b>0</b> features passed
</small>
</div>
<div>
<small data-tooltip='100%'><b>1</b> features failed,
<b>0</b> skipped, <b data-tooltip='0%'>0</b> others
</small>
</div>
</div>
</div>
</div>
<div class="col-md-4">
<div class="card">
<div class="card-header">
<h6 class="card-title">Scenarios</h6>
</div>
<div class="card-body">
<div class="">
<canvas id='child-analysis' width='115' height='90'></canvas>
</div>
</div>
<div class="card-footer">
<div><small data-tooltip='57%'><b>4</b> scenarios passed</small></div>
<div>
<small data-tooltip='42%'><b>3</b> scenarios failed,
<b>0</b> skipped, <b data-tooltip='%'>0</b> others
</small>
</div>
</div>
</div>
</div>
<div class="col-md-4">
<div class="card">
<div class="card-header">
<h6 class="card-title">Steps</h6>
</div>
<div class="card-body">
<div class="">
<canvas id='grandchild-analysis' width='115' height='90'></canvas>
</div>
</div>
<div class="card-footer">
<div><small data-tooltip='75%'><b>33</b> steps passed</small></div>
<div>
<small data-tooltip='6%'><b>3</b> steps failed,
<b>8</b> skipped, <b data-tooltip='%'>0</b> others
</small>
</div>
</div>
</div>
</div>
</div>
<div class="row"><div class="col-md-12">
<div class="card"><div class="card-header"><p>Timeline</p></div>
<div class="card-body pt-0"><div>
<canvas id="timeline" height="120"></canvas>
</div></div>
</div>
</div></div>
<script>
var timeline = {
"Verify Product Page of Application":270.811
};
</script>
<div class="row">
</div>
</div>
<script>
var statusGroup = {
parentCount: 5,
passParent: 0,
failParent: 1,
warningParent: 0,
skipParent: 0,
childCount: 5,
passChild: 4,
failChild: 3,
warningChild: 0,
skipChild: 0,
infoChild: 0,
grandChildCount: 5,
passGrandChild: 33,
failGrandChild: 3,
warningGrandChild: 0,
skipGrandChild: 8,
infoGrandChild: 0,
eventsCount: 5,
};
</script>        </div>
      </div>
    </div>
  </div>
<script src="https://cdn.jsdelivr.net/gh/extent-framework/extent-github-cdn@d6562a79075e061305ccfdb82f01e5e195e2d307/spark/js/spark-script.js"></script>
<script type="text/javascript"></script></body>
</html>