<?xml version="1.0" encoding="UTF-8"?>
<!-- Generated by org.testng.reporters.JUnitXMLReporter -->
<testsuite ignored="0" hostname="IN-PG02LC9D" failures="4" tests="5" name="Surefire test" time="263.596" errors="0" timestamp="2023-02-03T16:05:57 IST">
  <testcase classname="io.cucumber.testng.AbstractTestNGCucumberTests" name="runScenario" time="44.371">
    <failure type="java.lang.AssertionError" message="Displayed price 10140 is grater than selected maximum price Under 10000 expected [true] but found [false]">
      <![CDATA[java.lang.AssertionError: Displayed price 10140 is grater than selected maximum price Under 10000 expected [true] but found [false]
at Pages.ResultPage.changePriceRangeVerifyResults(ResultPage.java:183)
at stepDefinition.SearchresultsPageDefinition.userChangesToGivenPriceRangeGivenPriceRangeAndVerifyResults(SearchresultsPageDefinition.java:73)
at ✽.User Changes to Given Price Range 1 and verify results(file:///C:/Users/osatam/learning/Java/cucumber/Amazon/Amazon/src/test/java/features/SearchResults.feature:36)
... Removed 3 stack frames]]>
    </failure>
  </testcase> <!-- runScenario -->
  <testcase classname="io.cucumber.testng.AbstractTestNGCucumberTests" name="runScenario" time="48.553"/>
  <testcase classname="io.cucumber.testng.AbstractTestNGCucumberTests" name="runScenario" time="42.329">
    <failure type="java.lang.AssertionError" message="Displayed price 12990 is not in selected price range of 15000 to 20000 expected [true] but found [false]">
      <![CDATA[java.lang.AssertionError: Displayed price 12990 is not in selected price range of 15000 to 20000 expected [true] but found [false]
at Pages.ResultPage.changePriceRangeVerifyResults(ResultPage.java:220)
at stepDefinition.SearchresultsPageDefinition.userChangesToGivenPriceRangeGivenPriceRangeAndVerifyResults(SearchresultsPageDefinition.java:73)
at ✽.User Changes to Given Price Range 3 and verify results(file:///C:/Users/osatam/learning/Java/cucumber/Amazon/Amazon/src/test/java/features/SearchResults.feature:36)
... Removed 3 stack frames]]>
    </failure>
  </testcase> <!-- runScenario -->
  <testcase classname="io.cucumber.testng.AbstractTestNGCucumberTests" name="runScenario" time="71.749">
    <failure type="java.lang.AssertionError" message="Displayed price 17740 is not in selected price range of 20000 to 30000 expected [true] but found [false]">
      <![CDATA[java.lang.AssertionError: Displayed price 17740 is not in selected price range of 20000 to 30000 expected [true] but found [false]
at Pages.ResultPage.changePriceRangeVerifyResults(ResultPage.java:220)
at stepDefinition.SearchresultsPageDefinition.userChangesToGivenPriceRangeGivenPriceRangeAndVerifyResults(SearchresultsPageDefinition.java:73)
at ✽.User Changes to Given Price Range 4 and verify results(file:///C:/Users/osatam/learning/Java/cucumber/Amazon/Amazon/src/test/java/features/SearchResults.feature:36)
... Removed 3 stack frames]]>
    </failure>
  </testcase> <!-- runScenario -->
  <testcase classname="io.cucumber.testng.AbstractTestNGCucumberTests" name="runScenario" time="54.706">
    <failure type="java.lang.AssertionError" message="Displayed price 29990 is less than selected minimum price Over 30000 expected [true] but found [false]">
      <![CDATA[java.lang.AssertionError: Displayed price 29990 is less than selected minimum price Over 30000 expected [true] but found [false]
at Pages.ResultPage.changePriceRangeVerifyResults(ResultPage.java:200)
at stepDefinition.SearchresultsPageDefinition.userChangesToGivenPriceRangeGivenPriceRangeAndVerifyResults(SearchresultsPageDefinition.java:73)
at ✽.User Changes to Given Price Range 5 and verify results(file:///C:/Users/osatam/learning/Java/cucumber/Amazon/Amazon/src/test/java/features/SearchResults.feature:36)
... Removed 3 stack frames]]>
    </failure>
  </testcase> <!-- runScenario -->
</testsuite> <!-- Surefire test -->
