<?xml version="1.0" encoding="UTF-8"?>
<!-- Generated by org.testng.reporters.JUnitReportReporter -->
<testsuite hostname="IN-PG02LC9D" failures="4" tests="5" name="cucumberOptions.TestNgTestRunner" time="261.708" errors="0" timestamp="2023-02-03T16:05:57 IST" skipped="0">
  <testcase classname="cucumberOptions.TestNgTestRunner" name="runScenario" time="48.553"/>
  <system-out/>
  <testcase classname="cucumberOptions.TestNgTestRunner" name="runScenario" time="42.329">
    <failure message="Displayed price 12990 is not in selected price range of 15000 to 20000 expected [true] but found [false]" type="java.lang.AssertionError">
      <![CDATA[java.lang.AssertionError: Displayed price 12990 is not in selected price range of 15000 to 20000 expected [true] but found [false]
at org.testng.Assert.fail(Assert.java:110)
at org.testng.Assert.failNotEquals(Assert.java:1413)
at org.testng.Assert.assertTrue(Assert.java:56)
at Pages.ResultPage.changePriceRangeVerifyResults(ResultPage.java:220)
at stepDefinition.SearchresultsPageDefinition.userChangesToGivenPriceRangeGivenPriceRangeAndVerifyResults(SearchresultsPageDefinition.java:73)
at ✽.User Changes to Given Price Range 3 and verify results(file:///C:/Users/osatam/learning/Java/cucumber/Amazon/Amazon/src/test/java/features/SearchResults.feature:36)
]]>
    </failure>
  </testcase> <!-- runScenario -->
  <system-out/>
  <testcase classname="cucumberOptions.TestNgTestRunner" name="runScenario" time="54.706">
    <failure message="Displayed price 29990 is less than selected minimum price Over 30000 expected [true] but found [false]" type="java.lang.AssertionError">
      <![CDATA[java.lang.AssertionError: Displayed price 29990 is less than selected minimum price Over 30000 expected [true] but found [false]
at org.testng.Assert.fail(Assert.java:110)
at org.testng.Assert.failNotEquals(Assert.java:1413)
at org.testng.Assert.assertTrue(Assert.java:56)
at Pages.ResultPage.changePriceRangeVerifyResults(ResultPage.java:200)
at stepDefinition.SearchresultsPageDefinition.userChangesToGivenPriceRangeGivenPriceRangeAndVerifyResults(SearchresultsPageDefinition.java:73)
at ✽.User Changes to Given Price Range 5 and verify results(file:///C:/Users/osatam/learning/Java/cucumber/Amazon/Amazon/src/test/java/features/SearchResults.feature:36)
]]>
    </failure>
  </testcase> <!-- runScenario -->
  <system-out/>
  <testcase classname="cucumberOptions.TestNgTestRunner" name="runScenario" time="71.749">
    <failure message="Displayed price 17740 is not in selected price range of 20000 to 30000 expected [true] but found [false]" type="java.lang.AssertionError">
      <![CDATA[java.lang.AssertionError: Displayed price 17740 is not in selected price range of 20000 to 30000 expected [true] but found [false]
at org.testng.Assert.fail(Assert.java:110)
at org.testng.Assert.failNotEquals(Assert.java:1413)
at org.testng.Assert.assertTrue(Assert.java:56)
at Pages.ResultPage.changePriceRangeVerifyResults(ResultPage.java:220)
at stepDefinition.SearchresultsPageDefinition.userChangesToGivenPriceRangeGivenPriceRangeAndVerifyResults(SearchresultsPageDefinition.java:73)
at ✽.User Changes to Given Price Range 4 and verify results(file:///C:/Users/osatam/learning/Java/cucumber/Amazon/Amazon/src/test/java/features/SearchResults.feature:36)
]]>
    </failure>
  </testcase> <!-- runScenario -->
  <system-out/>
  <testcase classname="cucumberOptions.TestNgTestRunner" name="runScenario" time="44.371">
    <failure message="Displayed price 10140 is grater than selected maximum price Under 10000 expected [true] but found [false]" type="java.lang.AssertionError">
      <![CDATA[java.lang.AssertionError: Displayed price 10140 is grater than selected maximum price Under 10000 expected [true] but found [false]
at org.testng.Assert.fail(Assert.java:110)
at org.testng.Assert.failNotEquals(Assert.java:1413)
at org.testng.Assert.assertTrue(Assert.java:56)
at Pages.ResultPage.changePriceRangeVerifyResults(ResultPage.java:183)
at stepDefinition.SearchresultsPageDefinition.userChangesToGivenPriceRangeGivenPriceRangeAndVerifyResults(SearchresultsPageDefinition.java:73)
at ✽.User Changes to Given Price Range 1 and verify results(file:///C:/Users/osatam/learning/Java/cucumber/Amazon/Amazon/src/test/java/features/SearchResults.feature:36)
]]>
    </failure>
  </testcase> <!-- runScenario -->
  <system-out/>
</testsuite> <!-- cucumberOptions.TestNgTestRunner -->
